<?xml version="1.0" encoding="UTF-8"?>
<!-- Generated by org.testng.reporters.JUnitXMLReporter -->
<testsuite ignored="0" hostname="DESKTOP-OFL8S08" failures="0" tests="2" name="Error Validation Test" time="40.681" errors="0" timestamp="2023-04-30T22:01:30 PKT">
  <testcase classname="rahulshettyacademy.tests.ErrorValidationTest" name="loginErrorValidation" time="16.181"/>
  <testcase classname="rahulshettyacademy.tests.ErrorValidationTest" name="productErrorValidation" time="24.333"/>
</testsuite> <!-- Error Validation Test -->
